<?xml version="1.0" encoding="UTF-8"?>
<!-- Generated by org.testng.reporters.JUnitReportReporter -->
<testsuite hostname="Aalekh" failures="0" tests="2" name="DemoProject.SeleniumTest" time="0.001" errors="0" timestamp="2020-12-22T17:34:39 PKT" skipped="0">
  <testcase classname="DemoProject.SeleniumTest" name="BrowserAutomation" time="0.001"/>
  <system-out/>
  <testcase classname="DemoProject.SeleniumTest" name="UIElements" time="0.000"/>
  <system-out/>
</testsuite> <!-- DemoProject.SeleniumTest -->
