<?xml version="1.0" encoding="UTF-8"?>
<!-- Generated by org.testng.reporters.JUnitReportReporter -->
<testsuite hostname="Aalekh" failures="0" tests="2" name="DemoProject.APITest" time="0.005" errors="0" timestamp="2020-12-22T17:35:02 PKT" skipped="0">
  <testcase classname="DemoProject.APITest" name="deleteTwitter" time="0.005"/>
  <system-out/>
  <testcase classname="DemoProject.APITest" name="postJira" time="0.000"/>
  <system-out/>
</testsuite> <!-- DemoProject.APITest -->
